{
  "stats": {
    "suites": 1,
    "tests": 1,
    "passes": 1,
    "pending": 0,
    "failures": 0,
    "start": "2022-11-07T04:53:54.747Z",
    "end": "2022-11-07T04:54:05.086Z",
    "duration": 10339,
    "testsRegistered": 1,
    "passPercent": 100,
    "pendingPercent": 0,
    "other": 0,
    "hasOther": false,
    "skipped": 0,
    "hasSkipped": false
  },
  "results": [
    {
      "uuid": "3624f0c4-40db-4b1c-907f-e598e9614d36",
      "title": "",
      "fullFile": "cypress/e2e/searchPage/searchPage.spec.cy.js",
      "file": "cypress/e2e/searchPage/searchPage.spec.cy.js",
      "beforeHooks": [],
      "afterHooks": [],
      "tests": [],
      "suites": [
        {
          "uuid": "5cce8d83-eafe-4548-9567-51a00a7d2fcb",
          "title": "Search ebay",
          "fullFile": "",
          "file": "",
          "beforeHooks": [],
          "afterHooks": [],
          "tests": [
            {
              "title": "should search for a search term with no matches found",
              "fullTitle": "Search ebay should search for a search term with no matches found",
              "timedOut": null,
              "duration": 7253,
              "state": "passed",
              "speed": "medium",
              "pass": true,
              "fail": false,
              "pending": false,
              "context": null,
              "code": "// visit ebay\n_CommonPage.default.visitBaseUrl(); // Check that the plan widget exists in the DOM and is visible\n\n_SearchPage.default.getSearchButton().should('exist');\n_SearchPage.default.getSearchButton().should('be.visible'); // search for an item\n\n_SearchPage.default.enterSearchTerm('search term text');\n_SearchPage.default.clickSearchButton();\n_SearchPage.default.getSearchButton().click(); // confirm null matches found\n\n_SearchPage.default.getNullMatchesText().should('exist');\n_SearchPage.default.getNullMatchesText().should('be.visible');",
              "err": {},
              "uuid": "fb6fef27-cb56-4749-9059-98160e6cfcaa",
              "parentUUID": "5cce8d83-eafe-4548-9567-51a00a7d2fcb",
              "isHook": false,
              "skipped": false
            }
          ],
          "suites": [],
          "passes": [
            "fb6fef27-cb56-4749-9059-98160e6cfcaa"
          ],
          "failures": [],
          "pending": [],
          "skipped": [],
          "duration": 7253,
          "root": false,
          "rootEmpty": false,
          "_timeout": 2000
        }
      ],
      "passes": [],
      "failures": [],
      "pending": [],
      "skipped": [],
      "duration": 0,
      "root": true,
      "rootEmpty": true,
      "_timeout": 2000
    }
  ],
  "meta": {
    "mocha": {
      "version": "7.0.1"
    },
    "mochawesome": {
      "options": {
        "quiet": false,
        "reportFilename": "mochawesome",
        "saveHtml": false,
        "saveJson": true,
        "consoleReporter": "spec",
        "useInlineDiffs": false,
        "code": true
      },
      "version": "7.1.3"
    },
    "marge": {
      "options": {
        "reportDir": "mochawesome-report",
        "overwrite": false,
        "html": false,
        "json": true
      },
      "version": "6.2.0"
    }
  }
}