{
  "stats": {
    "suites": 1,
    "tests": 1,
    "passes": 0,
    "pending": 0,
    "failures": 1,
    "start": "2022-11-07T04:58:12.357Z",
    "end": "2022-11-07T04:58:18.570Z",
    "duration": 6213,
    "testsRegistered": 1,
    "passPercent": 0,
    "pendingPercent": 0,
    "other": 0,
    "hasOther": false,
    "skipped": 0,
    "hasSkipped": false
  },
  "results": [
    {
      "uuid": "97893524-482e-4063-9996-27c192abe1b1",
      "title": "",
      "fullFile": "cypress/e2e/searchPage/searchPage.spec.cy.js",
      "file": "cypress/e2e/searchPage/searchPage.spec.cy.js",
      "beforeHooks": [],
      "afterHooks": [],
      "tests": [],
      "suites": [
        {
          "uuid": "1d2925ba-494a-45c3-a892-211a58c64154",
          "title": "Search ebay",
          "fullFile": "",
          "file": "",
          "beforeHooks": [],
          "afterHooks": [],
          "tests": [
            {
              "title": "should search for a search term with no matches found",
              "fullTitle": "Search ebay should search for a search term with no matches found",
              "timedOut": null,
              "duration": 3261,
              "state": "failed",
              "speed": null,
              "pass": false,
              "fail": true,
              "pending": false,
              "context": null,
              "code": "// visit ebay\n_CommonPage.default.visitBaseUrl(); // Check that the plan widget exists in the DOM and is visible\n\n_SearchPage.default.getSearchButton().should('exist');\n_SearchPage.default.getSearchButton().should('be.visible'); // search for an item\n\n_SearchPage.default.enterSearchTerm('search term text');\n_SearchPage.default.clickSearchButton(); // SearchPage.getSearchButton().click({force: true});\n// confirm null matches found\n\n_SearchPage.default.getNullMatchesText().should('exist');\n_SearchPage.default.getNullMatchesText().should('be.visible');",
              "err": {
                "message": "TypeError: The following error originated from your application code, not from Cypress.\n\n  > Cannot read properties of undefined (reading 'map')\n\nWhen Cypress detects uncaught errors originating from your application it will automatically fail the current test.\n\nThis behavior is configurable, and you can choose to turn this off by listening to the `uncaught:exception` event.\n\nhttps://on.cypress.io/uncaught-exception-from-application",
                "estack": "TypeError: The following error originated from your application code, not from Cypress.\n\n  > Cannot read properties of undefined (reading 'map')\n\nWhen Cypress detects uncaught errors originating from your application it will automatically fail the current test.\n\nThis behavior is configurable, and you can choose to turn this off by listening to the `uncaught:exception` event.\n\nhttps://on.cypress.io/uncaught-exception-from-application\n    at formatTrackingData (https://ir.ebaystatic.com/rs/c/desktop_ac_1024.js:38:557)\n    at emitTrackingData (https://ir.ebaystatic.com/rs/c/desktop_ac_1024.js:37:1194)\n    at e (https://ir.ebaystatic.com/rs/c/desktop_ac_1024.js:37:897)\n    at HTMLFormElement.<anonymous> (https://ir.ebaystatic.com/rs/c/desktop_ac_1024.js:48:818)\n    at HTMLFormElement.dispatch (https://ir.ebaystatic.com/rs/c/jquery-KOuBsJce.js:101:24)\n    at n.handle (https://ir.ebaystatic.com/rs/c/jquery-KOuBsJce.js:97:55)",
                "diff": null
              },
              "uuid": "e8b63815-5998-433e-aa16-eac82d36a306",
              "parentUUID": "1d2925ba-494a-45c3-a892-211a58c64154",
              "isHook": false,
              "skipped": false
            }
          ],
          "suites": [],
          "passes": [],
          "failures": [
            "e8b63815-5998-433e-aa16-eac82d36a306"
          ],
          "pending": [],
          "skipped": [],
          "duration": 3261,
          "root": false,
          "rootEmpty": false,
          "_timeout": 2000
        }
      ],
      "passes": [],
      "failures": [],
      "pending": [],
      "skipped": [],
      "duration": 0,
      "root": true,
      "rootEmpty": true,
      "_timeout": 2000
    }
  ],
  "meta": {
    "mocha": {
      "version": "7.0.1"
    },
    "mochawesome": {
      "options": {
        "quiet": false,
        "reportFilename": "mochawesome",
        "saveHtml": false,
        "saveJson": true,
        "consoleReporter": "spec",
        "useInlineDiffs": false,
        "code": true
      },
      "version": "7.1.3"
    },
    "marge": {
      "options": {
        "reportDir": "mochawesome-report",
        "overwrite": false,
        "html": false,
        "json": true
      },
      "version": "6.2.0"
    }
  }
}