{
  "stats": {
    "suites": 1,
    "tests": 1,
    "passes": 1,
    "pending": 0,
    "failures": 0,
    "start": "2022-11-07T05:01:04.577Z",
    "end": "2022-11-07T05:01:10.795Z",
    "duration": 6218,
    "testsRegistered": 1,
    "passPercent": 100,
    "pendingPercent": 0,
    "other": 0,
    "hasOther": false,
    "skipped": 0,
    "hasSkipped": false
  },
  "results": [
    {
      "uuid": "2a422a3e-3a47-4b75-ab84-cb3852a1ee06",
      "title": "",
      "fullFile": "cypress/e2e/searchPage/searchPage.spec.cy.js",
      "file": "cypress/e2e/searchPage/searchPage.spec.cy.js",
      "beforeHooks": [],
      "afterHooks": [],
      "tests": [],
      "suites": [
        {
          "uuid": "54610875-5125-4996-80a9-6dd08c142346",
          "title": "Search ebay",
          "fullFile": "",
          "file": "",
          "beforeHooks": [],
          "afterHooks": [],
          "tests": [
            {
              "title": "should search for a search term with no matches found",
              "fullTitle": "Search ebay should search for a search term with no matches found",
              "timedOut": null,
              "duration": 3039,
              "state": "passed",
              "speed": "fast",
              "pass": true,
              "fail": false,
              "pending": false,
              "context": null,
              "code": "// Check that the plan widget exists in the DOM and is visible\n_SearchPage.default.getSearchButton().should('exist');\n_SearchPage.default.getSearchButton().should('be.visible'); // search for an item\n\n_SearchPage.default.enterSearchTerm('search term text'); // SearchPage.clickSearchButton();\n// SearchPage.getSearchButton().click({force: true});\n// confirm null matches found\n// SearchPage.getNullMatchesText().should('exist');\n// SearchPage.getNullMatchesText().should('be.visible');",
              "err": {},
              "uuid": "26b55441-2501-4b04-8434-3b56c734a2b9",
              "parentUUID": "54610875-5125-4996-80a9-6dd08c142346",
              "isHook": false,
              "skipped": false
            }
          ],
          "suites": [],
          "passes": [
            "26b55441-2501-4b04-8434-3b56c734a2b9"
          ],
          "failures": [],
          "pending": [],
          "skipped": [],
          "duration": 3039,
          "root": false,
          "rootEmpty": false,
          "_timeout": 2000
        }
      ],
      "passes": [],
      "failures": [],
      "pending": [],
      "skipped": [],
      "duration": 0,
      "root": true,
      "rootEmpty": true,
      "_timeout": 2000
    }
  ],
  "meta": {
    "mocha": {
      "version": "7.0.1"
    },
    "mochawesome": {
      "options": {
        "quiet": false,
        "reportFilename": "mochawesome",
        "saveHtml": false,
        "saveJson": true,
        "consoleReporter": "spec",
        "useInlineDiffs": false,
        "code": true
      },
      "version": "7.1.3"
    },
    "marge": {
      "options": {
        "reportDir": "mochawesome-report",
        "overwrite": false,
        "html": false,
        "json": true
      },
      "version": "6.2.0"
    }
  }
}